<?xml version="1.0" ?>
<testsuite errors="0" failures="0" name="django.contrib.messages.tests.cookie.CookieTest" tests="23" time="0.042">
	<testcase classname="django.contrib.messages.tests.cookie.CookieTest" name="test_add" time="0.002"/>
	<testcase classname="django.contrib.messages.tests.cookie.CookieTest" name="test_add_lazy_translation" time="0.002"/>
	<testcase classname="django.contrib.messages.tests.cookie.CookieTest" name="test_add_update" time="0.002"/>
	<testcase classname="django.contrib.messages.tests.cookie.CookieTest" name="test_custom_tags" time="0.002"/>
	<testcase classname="django.contrib.messages.tests.cookie.CookieTest" name="test_default_level" time="0.002"/>
	<testcase classname="django.contrib.messages.tests.cookie.CookieTest" name="test_existing_add" time="0.002"/>
	<testcase classname="django.contrib.messages.tests.cookie.CookieTest" name="test_existing_add_read_update" time="0.002"/>
	<testcase classname="django.contrib.messages.tests.cookie.CookieTest" name="test_existing_read" time="0.002"/>
	<testcase classname="django.contrib.messages.tests.cookie.CookieTest" name="test_existing_read_add_update" time="0.002"/>
	<testcase classname="django.contrib.messages.tests.cookie.CookieTest" name="test_full_request_response_cycle" time="0.002"/>
	<testcase classname="django.contrib.messages.tests.cookie.CookieTest" name="test_get" time="0.002"/>
	<testcase classname="django.contrib.messages.tests.cookie.CookieTest" name="test_get_bad_cookie" time="0.002"/>
	<testcase classname="django.contrib.messages.tests.cookie.CookieTest" name="test_high_level" time="0.002"/>
	<testcase classname="django.contrib.messages.tests.cookie.CookieTest" name="test_json_encoder_decoder" time="0.002"/>
	<testcase classname="django.contrib.messages.tests.cookie.CookieTest" name="test_low_level" time="0.002"/>
	<testcase classname="django.contrib.messages.tests.cookie.CookieTest" name="test_max_cookie_length" time="0.002"/>
	<testcase classname="django.contrib.messages.tests.cookie.CookieTest" name="test_middleware_disabled_anon_user" time="0.002"/>
	<testcase classname="django.contrib.messages.tests.cookie.CookieTest" name="test_middleware_disabled_anon_user_fail_silently" time="0.002"/>
	<testcase classname="django.contrib.messages.tests.cookie.CookieTest" name="test_middleware_disabled_auth_user" time="0.002"/>
	<testcase classname="django.contrib.messages.tests.cookie.CookieTest" name="test_multiple_posts" time="0.002"/>
	<testcase classname="django.contrib.messages.tests.cookie.CookieTest" name="test_no_update" time="0.002"/>
	<testcase classname="django.contrib.messages.tests.cookie.CookieTest" name="test_settings_level" time="0.002"/>
	<testcase classname="django.contrib.messages.tests.cookie.CookieTest" name="test_tags" time="0.002"/>
	<system-out>
<![CDATA[ ! Error found during real run of migration! Aborting.

 ! Since you have a database that does not support running
 ! schema-altering statements in transactions, we have had 
 ! to leave it in an interim state between migrations.

! You *might* be able to recover with:   = DROP TABLE `cms_cmsplugin` CASCADE; []
   = DROP TABLE `cms_title` CASCADE; []
   = DROP TABLE `cms_pagepermission` CASCADE; []
   = DROP TABLE `cms_page` CASCADE; []
   = DROP TABLE `cms_placeholder` CASCADE; []
   = DROP TABLE `cms_page_sites` CASCADE; []

 ! The South developers regret this has happened, and would
 ! like to gently persuade you to consider a slightly
 ! easier-to-deal-with DBMS.
 ! NOTE: The error which caused the migration to fail is further up.
 ! Error found during real run of migration! Aborting.

 ! Since you have a database that does not support running
 ! schema-altering statements in transactions, we have had 
 ! to leave it in an interim state between migrations.

! You *might* be able to recover with:   = DROP TABLE `cms_cmsplugin` CASCADE; []
   = DROP TABLE `cms_title` CASCADE; []
   = DROP TABLE `cms_pagepermission` CASCADE; []
   = DROP TABLE `cms_page` CASCADE; []
   = DROP TABLE `cms_placeholder` CASCADE; []
   = DROP TABLE `cms_page_sites` CASCADE; []

 ! The South developers regret this has happened, and would
 ! like to gently persuade you to consider a slightly
 ! easier-to-deal-with DBMS.
 ! NOTE: The error which caused the migration to fail is further up.
 ! Error found during real run of migration! Aborting.

 ! Since you have a database that does not support running
 ! schema-altering statements in transactions, we have had 
 ! to leave it in an interim state between migrations.

! You *might* be able to recover with:   = DROP TABLE `cms_cmsplugin` CASCADE; []
   = DROP TABLE `cms_title` CASCADE; []
   = DROP TABLE `cms_pagepermission` CASCADE; []
   = DROP TABLE `cms_page` CASCADE; []
   = DROP TABLE `cms_placeholder` CASCADE; []
   = DROP TABLE `cms_page_sites` CASCADE; []

 ! The South developers regret this has happened, and would
 ! like to gently persuade you to consider a slightly
 ! easier-to-deal-with DBMS.
 ! NOTE: The error which caused the migration to fail is further up.
 ! Error found during real run of migration! Aborting.

 ! Since you have a database that does not support running
 ! schema-altering statements in transactions, we have had 
 ! to leave it in an interim state between migrations.

! You *might* be able to recover with:   = DROP TABLE `cms_cmsplugin` CASCADE; []
   = DROP TABLE `cms_title` CASCADE; []
   = DROP TABLE `cms_pagepermission` CASCADE; []
   = DROP TABLE `cms_page` CASCADE; []
   = DROP TABLE `cms_placeholder` CASCADE; []
   = DROP TABLE `cms_page_sites` CASCADE; []

 ! The South developers regret this has happened, and would
 ! like to gently persuade you to consider a slightly
 ! easier-to-deal-with DBMS.
 ! NOTE: The error which caused the migration to fail is further up.
]]>	</system-out>
	<system-err/>
</testsuite>
